


ARM Macro Assembler    Page 1 


    1 00000000         ;/******************************************************
                       ***********************/
    2 00000000         ;/* OSasm.s: low-level OS commands, written in assembly 
                                             */
    3 00000000         ;/* derived from uCOS-II                                
                                             */
    4 00000000         ;/******************************************************
                       ***********************/
    5 00000000         ;Jonathan Valvano, OS Lab2/3/4/5, 1/12/20
    6 00000000         ;Students will implement these functions as part of EE44
                       5M/EE380L.12 Lab
    7 00000000         
    8 00000000                 AREA             |.text|, CODE, READONLY, ALIGN=
2
    9 00000000                 THUMB
   10 00000000                 REQUIRE8
   11 00000000                 PRESERVE8
   12 00000000         
   13 00000000                 EXTERN           RunPt       ; currently running
                                                             thread
   14 00000000         
   15 00000000                 EXPORT           StartOS
   16 00000000                 EXPORT           ContextSwitch
   17 00000000                 EXPORT           PendSV_Handler
   18 00000000                 EXPORT           SVC_Handler
   19 00000000                 EXPORT           StartOS
   20 00000000                 EXPORT           Debug
   21 00000000                 EXPORT           Debug2
   22 00000000                 EXPORT           set_R9
   23 00000000                 IMPORT           Runptr
   24 00000000                 IMPORT           STACK
   25 00000000                 IMPORT           threads
   26 00000000         ;IMPORT   st1
   27 00000000         ;IMPORT   st2
   28 00000000                 IMPORT           Count1
   29 00000000                 IMPORT           Count2
   30 00000000                 IMPORT           Scheduler
   31 00000000                 IMPORT           EnableInterrupts
   32 00000000                 IMPORT           DisableInterrupts
   33 00000000                 IMPORT           OS_Id
   34 00000000                 IMPORT           OS_Kill
   35 00000000                 IMPORT           OS_Time
   36 00000000                 IMPORT           OS_AddThread
   37 00000000                 IMPORT           OS_Sleep
   38 00000000         
   39 00000000         
   40 00000000         
   41 00000000 E000ED04 
                       NVIC_INT_CTRL
                               EQU              0xE000ED04  ; Interrupt control
                                                             state register.
   42 00000000 E000ED22 
                       NVIC_SYSPRI14
                               EQU              0xE000ED22  ; PendSV priority r
                                                            egister (position 1
                                                            4).
   43 00000000 E000ED23 
                       NVIC_SYSPRI15
                               EQU              0xE000ED23  ; Systick priority 



ARM Macro Assembler    Page 2 


                                                            register (position 
                                                            15).
   44 00000000 000000EF 
                       NVIC_LEVEL14
                               EQU              0xEF        ; Systick priority 
                                                            value (second lowes
                                                            t).
   45 00000000 000000FF 
                       NVIC_LEVEL15
                               EQU              0xFF        ; PendSV priority v
                                                            alue (lowest).
   46 00000000 10000000 
                       NVIC_PENDSVSET
                               EQU              0x10000000  ; Value to trigger 
                                                            PendSV exception.
   47 00000000 E000ED24 
                       NVIC_SYS_HND_CTRL_R
                               EQU              0xE000ED24
   48 00000000         
   49 00000000         StartOS
   50 00000000         ; put your code here
   51 00000000         
   52 00000000         
   53 00000000 4770            BX               LR          ; start first threa
                                                            d
   54 00000002         
   55 00000002         OSStartHang
   56 00000002 E7FE            B                OSStartHang ; Should never get 
                                                            here
   57 00000004         
   58 00000004         
   59 00000004         ;*******************************************************
                       *************************************************
   60 00000004         ;                               PERFORM A CONTEXT SWITCH
                        (From task level)
   61 00000004         ;                                           void Context
                       Switch(void)
   62 00000004         ;
   63 00000004         ; Note(s) : 1) ContextSwitch() is called when OS wants t
                       o perform a task context switch.  This function
   64 00000004         ;              triggers the PendSV exception which is wh
                       ere the real work is done.
   65 00000004         ;*******************************************************
                       *************************************************
   66 00000004         
   67 00000004         ContextSwitch
   68 00000004         ; edit this code
   69 00000004 4833            LDR              R0, = NVIC_INT_CTRL
   70 00000006         ;LDR R1, = NVIC_SYSPRI14
   71 00000006         ;LDR R2, = NVIC_LEVEL15
   72 00000006         ;LSL R2, #7
   73 00000006         ;LDR R12, [R1]
   74 00000006         ;ORR R12, R12, R2
   75 00000006         ;STR R12, [R1]
   76 00000006 6801            LDR              R1, [R0]
   77 00000008 F04F 5280       LDR              R2, = NVIC_PENDSVSET
   78 0000000C EA41 0102       ORR              R1, R1, R2
   79 00000010 6001            STR              R1, [R0]
   80 00000012 B501            PUSH{R0,         LR}



ARM Macro Assembler    Page 3 


   81 00000014 F7FF FFFE       BL               EnableInterrupts ; 2) Prevent i
                                                            nterrupt during swi
                                                            tch
   82 00000018 E8BD 4001       POP{R0,          LR}
   83 0000001C         
   84 0000001C 4770            BX               LR
   85 0000001E         
   86 0000001E         
   87 0000001E         
   88 0000001E         ;*******************************************************
                       *************************************************
   89 0000001E         ;                                         HANDLE PendSV 
                       EXCEPTION
   90 0000001E         ;                                     void OS_CPU_PendSV
                       Handler(void)
   91 0000001E         ;
   92 0000001E         ; Note(s) : 1) PendSV is used to cause a context switch.
                         This is a recommended method for performing
   93 0000001E         ;              context switches with Cortex-M.  This is 
                       because the Cortex-M3 auto-saves half of the
   94 0000001E         ;              processor context on any exception, and r
                       estores same on return from exception.  So only
   95 0000001E         ;              saving of R4-R11 is required and fixing u
                       p the stack pointers.  Using the PendSV exception
   96 0000001E         ;              this way means that context saving and re
                       storing is identical whether it is initiated from
   97 0000001E         ;              a thread or occurs due to an interrupt or
                        exception.
   98 0000001E         ;
   99 0000001E         ;           2) Pseudo-code is:
  100 0000001E         ;              a) Get the process SP, if 0 then skip (go
                       to d) the saving part (first context switch);
  101 0000001E         ;              b) Save remaining regs r4-r11 on process 
                       stack;
  102 0000001E         ;              c) Save the process SP in its TCB, OSTCBC
                       ur->OSTCBStkPtr = SP;
  103 0000001E         ;              d) Call OSTaskSwHook();
  104 0000001E         ;              e) Get current high priority, OSPrioCur =
                        OSPrioHighRdy;
  105 0000001E         ;              f) Get current ready thread TCB, OSTCBCur
                        = OSTCBHighRdy;
  106 0000001E         ;              g) Get new process SP from TCB, SP = OSTC
                       BHighRdy->OSTCBStkPtr;
  107 0000001E         ;              h) Restore R4-R11 from new process stack;
                       
  108 0000001E         ;              i) Perform exception return which will re
                       store remaining context.
  109 0000001E         ;
  110 0000001E         ;           3) On entry into PendSV handler:
  111 0000001E         ;              a) The following have been saved on the p
                       rocess stack (by processor):
  112 0000001E         ;                 xPSR, PC, LR, R12, R0-R3
  113 0000001E         ;              b) Processor mode is switched to Handler 
                       mode (from Thread mode)
  114 0000001E         ;              c) Stack is Main stack (switched from Pro
                       cess stack)
  115 0000001E         ;              d) OSTCBCur      points to the OS_TCB of 
                       the task to suspend
  116 0000001E         ;                 OSTCBHighRdy  points to the OS_TCB of 



ARM Macro Assembler    Page 4 


                       the task to resume
  117 0000001E         ;
  118 0000001E         ;           4) Since PendSV is set to lowest priority in
                        the system (by OSStartHighRdy() above), we
  119 0000001E         ;              know that it will only be run when no oth
                       er exception or interrupt is active, and
  120 0000001E         ;              therefore safe to assume that context bei
                       ng switched out was using the process stack (PSP).
  121 0000001E         ;*******************************************************
                       *************************************************
  122 0000001E         
  123 0000001E         PendSV_Handler
  124 0000001E         ; put your code here
  125 0000001E B672            CPSID            I
  126 00000020 B501            PUSH{R0,         LR}
  127 00000022 F7FF FFFE       BL               DisableInterrupts ; 2) Prevent 
                                                            interrupt during sw
                                                            itch
  128 00000026 E8BD 4001       POP{R0,          LR}
  129 0000002A 482A            LDR              R0, =0xE000ED04
  130 0000002C 6801            LDR              R1, [R0]
  131 0000002E F041 6100       ORR              R1, R1, #0x08000000
  132 00000032 6001            STR              R1, [R0]
  133 00000034         ;LDR R2, = PF2
  134 00000034         ;LDR R2, [R2]
  135 00000034         ;EOR R3, R3, #0x04
  136 00000034         ;STR R3, [R2]
  137 00000034 E92D 0FF0       PUSH             {R4-R11}    ; 3) Save remaining
                                                             regs r4-11
  138 00000038 4827            LDR              R0,=Runptr  ; 4) R0=pointer to 
                                                            RunI, old thread
  139 0000003A 6801            LDR              R1,[R0]     ;    R1 = RunI
  140 0000003C         ;LSL     R2,R1,#2  ; R2 = RunI*4
  141 0000003C F8C1 D000       STR              SP, [R1]    ; save current stac
                                                            k pointer
  142 00000040         ;ADD     R1, #4
  143 00000040         ;LDR     R1, [R1]
  144 00000040         ;STR     R1, [R0]
  145 00000040 B50F            PUSH             {R0, R1, R2, LR, R3}
  146 00000042 F7FF FFFE       BL               Scheduler
  147 00000046 E8BD 400F       POP              {R0, R1, R2, LR, R3}
  148 0000004A 6801            LDR              R1, [R0]
  149 0000004C F8D1 D000       LDR              SP, [R1]    ; load dstack point
                                                            er for new thread
  150 00000050         
  151 00000050 E8BD 0FF0       POP              {R4-R11}    ; 8) restore regs r
                                                            4-11
  152 00000054         ;EOR R3, R3, #0x04
  153 00000054         ;STR R3, [R2]
  154 00000054 B501            PUSH{R0,         LR}
  155 00000056 F7FF FFFE       BL               EnableInterrupts ; 2) Prevent i
                                                            nterrupt during swi
                                                            tch
  156 0000005A E8BD 4001       POP{R0,          LR}
  157 0000005E         
  158 0000005E         
  159 0000005E 4770            BX               LR          ; Exception return 
                                                            will restore remain
                                                            ing context   



ARM Macro Assembler    Page 5 


  160 00000060         
  161 00000060         Debug
  162 00000060         ;CPSID I
  163 00000060         ;LDR R0, = st1
  164 00000060         ;LDR R1, [R0]
  165 00000060         ;MOV R1, SP
  166 00000060         ;STR R1, [R0]
  167 00000060         ;LDR R0, = Count1
  168 00000060         
  169 00000060         ;LDR R1, [R0]
  170 00000060         ;ADD R1, #1
  171 00000060         ;STR R1, [R0]
  172 00000060         ;CPSIE I
  173 00000060 4770            BX               LR
  174 00000062         
  175 00000062         Debug2
  176 00000062         ;CPSID I
  177 00000062         ;LDR R0, = st1
  178 00000062         ;LDR R1, [R0]
  179 00000062         ;MOV R1, SP
  180 00000062         ;MOV SP, R1
  181 00000062         ;LDR R0, = st2
  182 00000062         ;STR R1, [R0]
  183 00000062         ;LDR R0, = Count2
  184 00000062         
  185 00000062         ;LDR R1, [R0]
  186 00000062         ;ADD R1, #1
  187 00000062         ;STR R1, [R0]
  188 00000062         ;CPSIE I
  189 00000062         ;PUSH{R0, LR}
  190 00000062         ;BL   EnableInterrupts         ; 2) Prevent interrupt du
                       ring switch
  191 00000062         ;POP{R0, LR}
  192 00000062 4770            BX               LR
  193 00000064         
  194 00000064         
  195 00000064         
  196 00000064         
  197 00000064         
  198 00000064         
  199 00000064         ;*******************************************************
                       *************************************************
  200 00000064         ;                                         HANDLE SVC EXC
                       EPTION
  201 00000064         ;                                     void OS_CPU_SVCHan
                       dler(void)
  202 00000064         ;
  203 00000064         ; Note(s) : SVC is a software-triggered exception to mak
                       e OS kernel calls from user land. 
  204 00000064         ;           The function ID to call is encoded in the in
                       struction itself, the location of which can be
  205 00000064         ;           found relative to the return address saved o
                       n the stack on exception entry.
  206 00000064         ;           Function-call paramters in R0..R3 are also a
                       uto-saved on stack on exception entry.
  207 00000064         ;*******************************************************
                       *************************************************
  208 00000064         
  209 00000064                 IMPORT           OS_Id



ARM Macro Assembler    Page 6 


  210 00000064                 IMPORT           OS_Kill
  211 00000064                 IMPORT           OS_Sleep
  212 00000064                 IMPORT           OS_Time
  213 00000064                 IMPORT           OS_AddThread
  214 00000064                 IMPORT           OS_TimeDifference
  215 00000064         
  216 00000064         SVC_Handler
  217 00000064         ; put your Lab 5 code here
  218 00000064 B672            CPSID            I
  219 00000066 B500            PUSH             {LR}
  220 00000068 F8DD C01C       LDR              R12,[SP,#28] ; Return address
  221 0000006C F83C CC02       LDRH             R12,[R12,#-2] ; SVC instruction
                                                             is 2 bytes
  222 00000070 F42C 4C7F       BIC              R12,#0xFF00 ; Extract ID in R12
                                                            
  223 00000074 466A            MOV              R2, SP
  224 00000076 F102 0204       ADD              R2, R2, #4
  225 0000007A CA0F            LDM              R2,{R0-R3}  ; Get any parameter
                                                            s
  226 0000007C         
  227 0000007C         ID
  228 0000007C F1BC 0F00       CMP              R12, #0
  229 00000080 D102            BNE              KILL
  230 00000082 F7FF FFFE       BL               OS_Id
  231 00000086 E01D            B                Done
  232 00000088         
  233 00000088         KILL
  234 00000088 F1BC 0F01       CMP              R12, #1
  235 0000008C D102            BNE              SLEEP
  236 0000008E F7FF FFFE       BL               OS_Kill
  237 00000092 E017            B                Done
  238 00000094         
  239 00000094         SLEEP
  240 00000094 F1BC 0F02       CMP              R12, #2
  241 00000098 D102            BNE              TIME
  242 0000009A F7FF FFFE       BL               OS_Sleep
  243 0000009E E011            B                Done
  244 000000A0         
  245 000000A0         TIME
  246 000000A0 F1BC 0F03       CMP              R12, #3
  247 000000A4 D102            BNE              TIME_DIF
  248 000000A6 F7FF FFFE       BL               OS_Time
  249 000000AA E00B            B                Done
  250 000000AC         
  251 000000AC         TIME_DIF
  252 000000AC F1BC 0F04       CMP              R12, #4
  253 000000B0 D102            BNE              THREAD
  254 000000B2 F7FF FFFE       BL               OS_TimeDifference
  255 000000B6 E005            B                Done
  256 000000B8         
  257 000000B8         THREAD
  258 000000B8 F1BC 0F05       CMP              R12, #5
  259 000000BC D103            BNE              Done2
  260 000000BE F7FF FFFE       BL               OS_AddThread
  261 000000C2 E7FF            B                Done
  262 000000C4         
  263 000000C4         
  264 000000C4         Done
  265 000000C4         



ARM Macro Assembler    Page 7 


  266 000000C4 9001            STR              R0,[SP, #4] ; Store return valu
                                                            e
  267 000000C6         Done2
  268 000000C6         ; LDR R1, = NVIC_SYS_HND_CTRL_R
  269 000000C6         ; LDR R1, [R1]
  270 000000C6         ; LDR R2, [R1]
  271 000000C6         ; AND R2, R2, #0xFFFF7FFF
  272 000000C6         ; STR R2, [R1]
  273 000000C6 F85D EB04       POP              {LR}
  274 000000CA B662            CPSIE            I
  275 000000CC 4770            BX               LR          ; Return from excep
                                                            tion
  276 000000CE         
  277 000000CE         set_R9
  278 000000CE 4681            MOV              R9, R0
  279 000000D0 4770            BX               LR
  280 000000D2         
  281 000000D2         
  282 000000D2 00 00           ALIGN
  283 000000D4                 END
              E000ED04 
              00000000 
Command Line: --debug --xref --diag_suppress=9931 --cpu=Cortex-M4 --apcs=interw
ork --depend=.\osasm.d -o.\osasm.o -I.\RTE\_Lab6 -IC:\Users\prameen\AppData\Loc
al\Arm\Packs\Keil\TM4C_DFP\1.1.0\Device\Include\TM4C123 -IC:\Keil_v5\ARM\CMSIS\
Include --predefine="__MICROLIB SETA 1" --predefine="__UVISION_VERSION SETA 529
" --predefine="_RTE_ SETA 1" --predefine="TM4C123GH6PM SETA 1" --list=.\osasm.l
st ..\RTOS_Labs_common\osasm.s



ARM Macro Assembler    Page 1 Alphabetic symbol ordering
Relocatable symbols

.text 00000000

Symbol: .text
   Definitions
      At line 8 in file ..\RTOS_Labs_common\osasm.s
   Uses
      None
Comment: .text unused
ContextSwitch 00000004

Symbol: ContextSwitch
   Definitions
      At line 67 in file ..\RTOS_Labs_common\osasm.s
   Uses
      At line 16 in file ..\RTOS_Labs_common\osasm.s
Comment: ContextSwitch used once
Debug 00000060

Symbol: Debug
   Definitions
      At line 161 in file ..\RTOS_Labs_common\osasm.s
   Uses
      At line 20 in file ..\RTOS_Labs_common\osasm.s
Comment: Debug used once
Debug2 00000062

Symbol: Debug2
   Definitions
      At line 175 in file ..\RTOS_Labs_common\osasm.s
   Uses
      At line 21 in file ..\RTOS_Labs_common\osasm.s
Comment: Debug2 used once
Done 000000C4

Symbol: Done
   Definitions
      At line 264 in file ..\RTOS_Labs_common\osasm.s
   Uses
      At line 231 in file ..\RTOS_Labs_common\osasm.s
      At line 237 in file ..\RTOS_Labs_common\osasm.s
      At line 243 in file ..\RTOS_Labs_common\osasm.s
      At line 249 in file ..\RTOS_Labs_common\osasm.s
      At line 255 in file ..\RTOS_Labs_common\osasm.s
      At line 261 in file ..\RTOS_Labs_common\osasm.s

Done2 000000C6

Symbol: Done2
   Definitions
      At line 267 in file ..\RTOS_Labs_common\osasm.s
   Uses
      At line 259 in file ..\RTOS_Labs_common\osasm.s
Comment: Done2 used once
ID 0000007C

Symbol: ID
   Definitions
      At line 227 in file ..\RTOS_Labs_common\osasm.s
   Uses



ARM Macro Assembler    Page 2 Alphabetic symbol ordering
Relocatable symbols

      None
Comment: ID unused
KILL 00000088

Symbol: KILL
   Definitions
      At line 233 in file ..\RTOS_Labs_common\osasm.s
   Uses
      At line 229 in file ..\RTOS_Labs_common\osasm.s
Comment: KILL used once
OSStartHang 00000002

Symbol: OSStartHang
   Definitions
      At line 55 in file ..\RTOS_Labs_common\osasm.s
   Uses
      At line 56 in file ..\RTOS_Labs_common\osasm.s
Comment: OSStartHang used once
PendSV_Handler 0000001E

Symbol: PendSV_Handler
   Definitions
      At line 123 in file ..\RTOS_Labs_common\osasm.s
   Uses
      At line 17 in file ..\RTOS_Labs_common\osasm.s
Comment: PendSV_Handler used once
SLEEP 00000094

Symbol: SLEEP
   Definitions
      At line 239 in file ..\RTOS_Labs_common\osasm.s
   Uses
      At line 235 in file ..\RTOS_Labs_common\osasm.s
Comment: SLEEP used once
SVC_Handler 00000064

Symbol: SVC_Handler
   Definitions
      At line 216 in file ..\RTOS_Labs_common\osasm.s
   Uses
      At line 18 in file ..\RTOS_Labs_common\osasm.s
Comment: SVC_Handler used once
StartOS 00000000

Symbol: StartOS
   Definitions
      At line 49 in file ..\RTOS_Labs_common\osasm.s
   Uses
      At line 15 in file ..\RTOS_Labs_common\osasm.s
      At line 19 in file ..\RTOS_Labs_common\osasm.s

THREAD 000000B8

Symbol: THREAD
   Definitions
      At line 257 in file ..\RTOS_Labs_common\osasm.s
   Uses
      At line 253 in file ..\RTOS_Labs_common\osasm.s
Comment: THREAD used once



ARM Macro Assembler    Page 3 Alphabetic symbol ordering
Relocatable symbols

TIME 000000A0

Symbol: TIME
   Definitions
      At line 245 in file ..\RTOS_Labs_common\osasm.s
   Uses
      At line 241 in file ..\RTOS_Labs_common\osasm.s
Comment: TIME used once
TIME_DIF 000000AC

Symbol: TIME_DIF
   Definitions
      At line 251 in file ..\RTOS_Labs_common\osasm.s
   Uses
      At line 247 in file ..\RTOS_Labs_common\osasm.s
Comment: TIME_DIF used once
set_R9 000000CE

Symbol: set_R9
   Definitions
      At line 277 in file ..\RTOS_Labs_common\osasm.s
   Uses
      At line 22 in file ..\RTOS_Labs_common\osasm.s
Comment: set_R9 used once
17 symbols



ARM Macro Assembler    Page 1 Alphabetic symbol ordering
Absolute symbols

NVIC_INT_CTRL E000ED04

Symbol: NVIC_INT_CTRL
   Definitions
      At line 41 in file ..\RTOS_Labs_common\osasm.s
   Uses
      At line 69 in file ..\RTOS_Labs_common\osasm.s
Comment: NVIC_INT_CTRL used once
NVIC_LEVEL14 000000EF

Symbol: NVIC_LEVEL14
   Definitions
      At line 44 in file ..\RTOS_Labs_common\osasm.s
   Uses
      None
Comment: NVIC_LEVEL14 unused
NVIC_LEVEL15 000000FF

Symbol: NVIC_LEVEL15
   Definitions
      At line 45 in file ..\RTOS_Labs_common\osasm.s
   Uses
      None
Comment: NVIC_LEVEL15 unused
NVIC_PENDSVSET 10000000

Symbol: NVIC_PENDSVSET
   Definitions
      At line 46 in file ..\RTOS_Labs_common\osasm.s
   Uses
      At line 77 in file ..\RTOS_Labs_common\osasm.s
Comment: NVIC_PENDSVSET used once
NVIC_SYSPRI14 E000ED22

Symbol: NVIC_SYSPRI14
   Definitions
      At line 42 in file ..\RTOS_Labs_common\osasm.s
   Uses
      None
Comment: NVIC_SYSPRI14 unused
NVIC_SYSPRI15 E000ED23

Symbol: NVIC_SYSPRI15
   Definitions
      At line 43 in file ..\RTOS_Labs_common\osasm.s
   Uses
      None
Comment: NVIC_SYSPRI15 unused
NVIC_SYS_HND_CTRL_R E000ED24

Symbol: NVIC_SYS_HND_CTRL_R
   Definitions
      At line 47 in file ..\RTOS_Labs_common\osasm.s
   Uses
      None
Comment: NVIC_SYS_HND_CTRL_R unused
7 symbols



ARM Macro Assembler    Page 1 Alphabetic symbol ordering
External symbols

Count1 00000000

Symbol: Count1
   Definitions
      At line 28 in file ..\RTOS_Labs_common\osasm.s
   Uses
      None
Comment: Count1 unused
Count2 00000000

Symbol: Count2
   Definitions
      At line 29 in file ..\RTOS_Labs_common\osasm.s
   Uses
      None
Comment: Count2 unused
DisableInterrupts 00000000

Symbol: DisableInterrupts
   Definitions
      At line 32 in file ..\RTOS_Labs_common\osasm.s
   Uses
      At line 127 in file ..\RTOS_Labs_common\osasm.s
Comment: DisableInterrupts used once
EnableInterrupts 00000000

Symbol: EnableInterrupts
   Definitions
      At line 31 in file ..\RTOS_Labs_common\osasm.s
   Uses
      At line 81 in file ..\RTOS_Labs_common\osasm.s
      At line 155 in file ..\RTOS_Labs_common\osasm.s

OS_AddThread 00000000

Symbol: OS_AddThread
   Definitions
      At line 36 in file ..\RTOS_Labs_common\osasm.s
      At line 213 in file ..\RTOS_Labs_common\osasm.s
   Uses
      At line 260 in file ..\RTOS_Labs_common\osasm.s
Warning: OS_AddThread multiply definedComment: OS_AddThread used once
OS_Id 00000000

Symbol: OS_Id
   Definitions
      At line 33 in file ..\RTOS_Labs_common\osasm.s
      At line 209 in file ..\RTOS_Labs_common\osasm.s
   Uses
      At line 230 in file ..\RTOS_Labs_common\osasm.s
Warning: OS_Id multiply definedComment: OS_Id used once
OS_Kill 00000000

Symbol: OS_Kill
   Definitions
      At line 34 in file ..\RTOS_Labs_common\osasm.s
      At line 210 in file ..\RTOS_Labs_common\osasm.s
   Uses
      At line 236 in file ..\RTOS_Labs_common\osasm.s



ARM Macro Assembler    Page 2 Alphabetic symbol ordering
External symbols

Warning: OS_Kill multiply definedComment: OS_Kill used once
OS_Sleep 00000000

Symbol: OS_Sleep
   Definitions
      At line 37 in file ..\RTOS_Labs_common\osasm.s
      At line 211 in file ..\RTOS_Labs_common\osasm.s
   Uses
      At line 242 in file ..\RTOS_Labs_common\osasm.s
Warning: OS_Sleep multiply definedComment: OS_Sleep used once
OS_Time 00000000

Symbol: OS_Time
   Definitions
      At line 35 in file ..\RTOS_Labs_common\osasm.s
      At line 212 in file ..\RTOS_Labs_common\osasm.s
   Uses
      At line 248 in file ..\RTOS_Labs_common\osasm.s
Warning: OS_Time multiply definedComment: OS_Time used once
OS_TimeDifference 00000000

Symbol: OS_TimeDifference
   Definitions
      At line 214 in file ..\RTOS_Labs_common\osasm.s
   Uses
      At line 254 in file ..\RTOS_Labs_common\osasm.s
Comment: OS_TimeDifference used once
RunPt 00000000

Symbol: RunPt
   Definitions
      At line 13 in file ..\RTOS_Labs_common\osasm.s
   Uses
      None
Comment: RunPt unused
Runptr 00000000

Symbol: Runptr
   Definitions
      At line 23 in file ..\RTOS_Labs_common\osasm.s
   Uses
      At line 138 in file ..\RTOS_Labs_common\osasm.s
Comment: Runptr used once
STACK 00000000

Symbol: STACK
   Definitions
      At line 24 in file ..\RTOS_Labs_common\osasm.s
   Uses
      None
Comment: STACK unused
Scheduler 00000000

Symbol: Scheduler
   Definitions
      At line 30 in file ..\RTOS_Labs_common\osasm.s
   Uses
      At line 146 in file ..\RTOS_Labs_common\osasm.s
Comment: Scheduler used once



ARM Macro Assembler    Page 3 Alphabetic symbol ordering
External symbols

threads 00000000

Symbol: threads
   Definitions
      At line 25 in file ..\RTOS_Labs_common\osasm.s
   Uses
      None
Comment: threads unused
15 symbols
375 symbols in table
